Traceback (most recent call last):
  File "/scratch/work/abduras1/het-FL/src/run.py", line 7, in <module>
    from train import repeat_train
  File "/scratch/work/abduras1/het-FL/src/train.py", line 7, in <module>
    from utils import param_est_error, param_est_error_pooled
  File "/scratch/work/abduras1/het-FL/src/utils.py", line 291
    with open(params[0]) as file:
TabError: inconsistent use of tabs and spaces in indentation
Traceback (most recent call last):
  File "/scratch/work/abduras1/het-FL/src/run.py", line 7, in <module>
    from train import repeat_train
  File "/scratch/work/abduras1/het-FL/src/train.py", line 7, in <module>
    from utils import param_est_error, param_est_error_pooled
  File "/scratch/work/abduras1/het-FL/src/utils.py", line 291
    with open(params[0]) as file:
TabError: inconsistent use of tabs and spaces in indentation
srun: error: pe81: task 0: Exited with exit code 1
srun: Terminating StepId=514681.0
srun: error: pe79: task 0: Exited with exit code 1
srun: Terminating StepId=514682.0
